<?xml version="1.0" encoding="UTF-8"?>
<testng-results ignored="0" total="2" passed="2" failed="0" skipped="0">
  <reporter-output>
  </reporter-output>
  <suite started-at="2023-07-04T07:55:11 IST" name="Default suite" finished-at="2023-07-04T07:55:22 IST" duration-ms="11008">
    <groups>
    </groups>
    <test started-at="2023-07-04T07:55:11 IST" name="Default test" finished-at="2023-07-04T07:55:22 IST" duration-ms="11008">
      <class name="listener1.DataProv">
        <test-method signature="test(java.lang.String,java.lang.String)[pri:0, instance:listener1.DataProv@4c398c80]" started-at="2023-07-04T07:55:11 IST" name="test" data-provider="testdata" finished-at="2023-07-04T07:55:17 IST" duration-ms="5956" status="PASS">
          <params>
            <param index="0">
              <value>
                <![CDATA[Cedric]]>
              </value>
            </param>
            <param index="1">
              <value>
                <![CDATA[12345]]>
              </value>
            </param>
          </params>
          <reporter-output>
          </reporter-output>
        </test-method> <!-- test -->
        <test-method signature="test(java.lang.String,java.lang.String)[pri:0, instance:listener1.DataProv@4c398c80]" started-at="2023-07-04T07:55:17 IST" name="test" data-provider="testdata" finished-at="2023-07-04T07:55:22 IST" duration-ms="4963" status="PASS">
          <params>
            <param index="0">
              <value>
                <![CDATA[Anne]]>
              </value>
            </param>
            <param index="1">
              <value>
                <![CDATA[87654]]>
              </value>
            </param>
          </params>
          <reporter-output>
          </reporter-output>
        </test-method> <!-- test -->
      </class> <!-- listener1.DataProv -->
    </test> <!-- Default test -->
  </suite> <!-- Default suite -->
</testng-results>
